0 info it worked if it ends with ok
1 verbose cli [ '/home/ubuntu/.nvm/v0.10.35/bin/node',
1 verbose cli   '/home/ubuntu/.nvm/v0.10.35/bin/npm',
1 verbose cli   'install',
1 verbose cli   'mocda',
1 verbose cli   '--save-dev' ]
2 info using npm@1.4.28
3 info using node@v0.10.35
4 warn package.json workspace@1.0.0 No repository field.
5 verbose readDependencies using package.json deps
6 verbose cache add [ 'mocda', null ]
7 verbose cache add name=undefined spec="mocda" args=["mocda",null]
8 verbose parsed url { protocol: null,
8 verbose parsed url   slashes: null,
8 verbose parsed url   auth: null,
8 verbose parsed url   host: null,
8 verbose parsed url   port: null,
8 verbose parsed url   hostname: null,
8 verbose parsed url   hash: null,
8 verbose parsed url   search: null,
8 verbose parsed url   query: null,
8 verbose parsed url   pathname: 'mocda',
8 verbose parsed url   path: 'mocda',
8 verbose parsed url   href: 'mocda' }
9 silly lockFile 4b0ff4d9-mocda mocda
10 verbose lock mocda /home/ubuntu/.npm/4b0ff4d9-mocda.lock
11 silly lockFile 4b0ff4d9-mocda mocda
12 silly lockFile 4b0ff4d9-mocda mocda
13 verbose addNamed [ 'mocda', '' ]
14 verbose addNamed [ null, '*' ]
15 silly lockFile bd6426db-mocda mocda@
16 verbose lock mocda@ /home/ubuntu/.npm/bd6426db-mocda.lock
17 silly addNameRange { name: 'mocda', range: '*', hasData: false }
18 verbose request where is /mocda
19 verbose request registry https://registry.npmjs.org/
20 verbose request id 2aa2c12873b253dc
21 verbose url raw /mocda
22 verbose url resolving [ 'https://registry.npmjs.org/', './mocda' ]
23 verbose url resolved https://registry.npmjs.org/mocda
24 verbose request where is https://registry.npmjs.org/mocda
25 info trying registry request attempt 1 at 11:22:08
26 http GET https://registry.npmjs.org/mocda
27 http 404 https://registry.npmjs.org/mocda
28 silly registry.get cb [ 404,
28 silly registry.get   { 'content-type': 'application/json',
28 silly registry.get     'cache-control': 'max-age=0',
28 silly registry.get     'content-length': '2',
28 silly registry.get     'accept-ranges': 'bytes',
28 silly registry.get     date: 'Fri, 09 Oct 2015 11:22:08 GMT',
28 silly registry.get     via: '1.1 varnish',
28 silly registry.get     age: '0',
28 silly registry.get     connection: 'keep-alive',
28 silly registry.get     'x-served-by': 'cache-fra1242-FRA',
28 silly registry.get     'x-cache': 'MISS',
28 silly registry.get     'x-cache-hits': '0',
28 silly registry.get     'x-timer': 'S1444389728.133034,VS0,VE104' } ]
29 silly lockFile bd6426db-mocda mocda@
30 silly lockFile bd6426db-mocda mocda@
31 error 404 Not Found
31 error 404
31 error 404 'mocda' is not in the npm registry.
31 error 404 You should bug the author to publish it
31 error 404 It was specified as a dependency of 'workspace'
31 error 404
31 error 404 Note that you can also install from a
31 error 404 tarball, folder, or http url, or git url.
32 error System Linux 3.14.13-c9
33 error command "/home/ubuntu/.nvm/v0.10.35/bin/node" "/home/ubuntu/.nvm/v0.10.35/bin/npm" "install" "mocda" "--save-dev"
34 error cwd /home/ubuntu/workspace
35 error node -v v0.10.35
36 error npm -v 1.4.28
37 error code E404
38 verbose exit [ 1, true ]
